<?xml version="1.0" encoding="UTF-8"?>
<!-- Generated by org.testng.reporters.JUnitReportReporter -->
<testsuite skipped="0" hostname="LTB0206672-MAC.local" name="test.Tests" tests="3" failures="0" timestamp="22 Aug 2019 03:09:20 GMT" time="111.190" errors="0">
  <testcase name="priceAssertion" time="0.074" classname="test.Tests"/>
  <testcase name="assertCart" time="0.101" classname="test.Tests"/>
  <testcase name="searcht" time="111.015" classname="test.Tests"/>
</testsuite> <!-- test.Tests -->
