<?xml version="1.0" encoding="UTF-8"?>
<!-- Generated by org.testng.reporters.JUnitReportReporter -->
<testsuite skipped="0" hostname="LTB0206672-MAC.local" name="test.Tests" tests="3" failures="0" timestamp="22 Aug 2019 02:43:29 GMT" time="111.500" errors="0">
  <testcase name="priceAssertion" time="4.236" classname="test.Tests"/>
  <testcase name="assertCart" time="10.064" classname="test.Tests"/>
  <testcase name="searcht" time="97.200" classname="test.Tests"/>
</testsuite> <!-- test.Tests -->
