<?xml version="1.0" encoding="UTF-8"?>
<!-- Generated by org.testng.reporters.JUnitReportReporter -->
<testsuite skipped="0" hostname="LTB0206672-MAC.local" name="test.Search" tests="3" failures="0" timestamp="21 Aug 2019 17:46:31 GMT" time="51.739" errors="0">
  <testcase name="searcht" time="51.643" classname="test.Search"/>
  <testcase name="priceAssertion" time="0.041" classname="test.Search"/>
  <testcase name="assertCart" time="0.055" classname="test.Search"/>
</testsuite> <!-- test.Search -->
