<?xml version="1.0" encoding="UTF-8"?>
<!-- Generated by org.testng.reporters.JUnitReportReporter -->
<testsuite skipped="0" hostname="LTB0206672-MAC.local" name="test.Tests" tests="3" failures="0" timestamp="22 Aug 2019 03:24:28 GMT" time="106.602" errors="0">
  <testcase name="priceAssertion" time="0.127" classname="test.Tests"/>
  <testcase name="searcht" time="106.146" classname="test.Tests"/>
  <testcase name="assertCart" time="0.329" classname="test.Tests"/>
</testsuite> <!-- test.Tests -->
